[2023-08-06 19:07:29] START
[2023-08-06 19:07:39] CREATE test.py: 0
[2023-08-06 21:31:44] DELETE gpacalculator/models/test.py: 0
[2023-08-06 21:32:44] CREATE gpacalculator.py: 0
[2023-08-06 21:33:22] DELETE gpacalculator/controllers/gpacalculator.py: -1
[2023-08-06 21:33:35] CREATE gpacalculator.py: 0
[2023-08-06 21:36:58] EDIT gpacalculator/models/gpacalculator.py: 13
[2023-10-24 14:34:27] EDIT gpacalculator/controllers/default.py: 8
[2023-10-24 14:47:21] EDIT gpacalculator/controllers/default.py: 3
[2023-10-24 14:52:29] EDIT gpacalculator/controllers/default.py: 1
[2023-10-24 14:53:00] CREATE mygpa.html: 0
[2023-10-24 14:53:20] EDIT gpacalculator/views/mygpa.html: 0
[2023-10-24 14:55:12] EDIT gpacalculator/views/mygpa.html: 4
[2023-10-24 14:55:51] EDIT gpacalculator/views/mygpa.html: 0
[2023-10-24 15:01:44] EDIT gpacalculator/controllers/default.py: 1
[2023-10-24 15:02:19] EDIT gpacalculator/controllers/default.py: 0
[2023-10-24 15:05:51] EDIT gpacalculator/controllers/default.py: 0
[2023-10-24 15:06:19] EDIT gpacalculator/controllers/default.py: 1
[2023-10-24 15:08:49] EDIT gpacalculator/controllers/default.py: 0
[2023-10-24 15:09:38] EDIT gpacalculator/controllers/default.py: 0
[2023-10-24 15:10:55] EDIT gpacalculator/controllers/default.py: 2
[2023-10-24 15:11:13] EDIT gpacalculator/controllers/default.py: 0
[2023-10-24 15:17:26] EDIT gpacalculator/controllers/default.py: 0
[2023-10-24 15:22:56] EDIT gpacalculator/controllers/default.py: 0
[2023-10-24 15:23:40] EDIT gpacalculator/views/mygpa.html: 3
[2023-10-24 15:42:23] EDIT gpacalculator/views/mygpa.html: 0
[2023-10-24 15:43:20] EDIT gpacalculator/views/mygpa.html: 0
[2023-10-24 15:51:58] EDIT gpacalculator/views/mygpa.html: 0
[2023-10-25 16:09:17] EDIT gpacalculator/models/gpacalculator.py: 0
[2023-10-25 16:10:08] EDIT gpacalculator/views/mygpa.html: 12
[2023-10-25 16:15:08] CREATE mylayout.html: 0
[2023-10-25 16:30:45] EDIT gpacalculator/views/mylayout.html: 33
[2023-10-25 16:31:18] EDIT gpacalculator/views/mygpa.html: 0
[2023-10-25 16:31:31] EDIT gpacalculator/views/mygpa.html: 0
[2023-10-25 16:33:22] EDIT gpacalculator/views/mylayout.html: 1
[2023-10-25 16:34:14] EDIT gpacalculator/views/mylayout.html: 1
[2023-10-25 16:34:59] EDIT gpacalculator/views/mygpa.html: -1
[2023-10-25 16:40:12] EDIT gpacalculator/views/mylayout.html: 9
[2023-10-25 16:40:52] EDIT gpacalculator/views/mylayout.html: 0
[2023-10-25 16:41:35] EDIT gpacalculator/views/mylayout.html: 0
[2023-10-25 16:41:59] EDIT gpacalculator/views/mylayout.html: 0
[2023-10-25 16:42:20] EDIT gpacalculator/views/mylayout.html: 0
[2023-10-25 16:44:21] EDIT gpacalculator/views/mylayout.html: 7
[2023-10-25 16:45:14] EDIT gpacalculator/views/mylayout.html: 1
[2023-10-25 16:45:46] EDIT gpacalculator/views/mylayout.html: 1
[2023-10-25 16:47:37] EDIT gpacalculator/views/mylayout.html: 2
[2023-10-25 16:48:03] EDIT gpacalculator/views/mylayout.html: 0
[2023-10-25 16:52:17] EDIT gpacalculator/views/mylayout.html: 0
[2023-10-25 16:52:50] EDIT gpacalculator/views/mylayout.html: 0
[2023-10-25 16:56:18] EDIT gpacalculator/views/mylayout.html: 2
[2023-10-25 17:00:49] EDIT gpacalculator/views/generic.html: 0
[2023-10-25 17:01:54] EDIT gpacalculator/views/default/index.html: 0
[2023-10-25 17:23:35] EDIT gpacalculator/views/mylayout.html: 4
[2023-10-25 17:26:21] EDIT gpacalculator/views/mylayout.html: 0
[2023-10-25 17:29:32] EDIT gpacalculator/views/mylayout.html: 1
[2023-10-25 17:50:34] EDIT gpacalculator/views/generic.html: 0
[2023-10-25 18:01:21] EDIT gpacalculator/views/generic.html: 0
[2023-10-25 18:02:51] CREATE layout2.html: 0
[2023-10-25 18:18:32] EDIT gpacalculator/views/layout2.html: 37
[2023-10-25 18:18:57] EDIT gpacalculator/views/mygpa.html: 0
[2023-10-25 18:41:03] EDIT gpacalculator/views/layout2.html: 10
[2023-10-25 18:43:09] EDIT gpacalculator/views/layout2.html: 1
[2023-10-25 18:53:47] EDIT gpacalculator/views/layout2.html: 2
[2023-10-25 18:56:32] EDIT gpacalculator/views/layout2.html: 2
[2023-10-25 18:57:02] EDIT gpacalculator/views/layout2.html: 0
[2023-10-25 18:57:08] EDIT gpacalculator/views/layout2.html: 0
[2023-10-25 18:58:43] EDIT gpacalculator/views/layout2.html: 2
[2023-10-25 19:00:40] EDIT gpacalculator/views/layout2.html: 2
[2023-10-25 19:03:29] EDIT gpacalculator/views/generic.html: 0
[2023-10-25 19:04:40] EDIT gpacalculator/views/default/index.html: 0
[2023-10-25 19:05:41] EDIT gpacalculator/views/default/index.html: 0
[2023-10-25 19:08:58] EDIT gpacalculator/views/layout2.html: 5
[2023-10-25 19:17:38] EDIT gpacalculator/views/layout2.html: 0
[2023-10-25 19:18:24] EDIT gpacalculator/views/layout2.html: 0
[2023-10-25 19:19:36] EDIT gpacalculator/views/mygpa.html: 0
[2023-10-25 19:31:14] EDIT gpacalculator/views/layout2.html: 4
[2023-10-25 19:31:55] EDIT gpacalculator/views/layout2.html: 0
[2023-10-25 19:32:17] EDIT gpacalculator/views/layout2.html: 0
[2023-11-01 18:01:29] EDIT gpacalculator/views/mygpa.html: 0
